App.loadBundle("/**:bundle-id:**/", [ "exports" ], function(e) {
  var n = window.App.h, i = /** @class */ function() {
    function WidgetSpinner() {
      this.visible = !1, this.type = "circle", this.color = "black", this.content = {};
    }
    return WidgetSpinner.prototype.render = function() {
      return "circle" === this.type ? n("div", {
        class: "spinner spinner--circle " + (this.visible ? "" : "spinner--hidden") + " spinner--color-" + this.color
      }) : "dots" === this.type ? n("div", {
        class: "spinner spinner--loading " + (this.visible ? "" : "spinner--hidden")
      }, n("div", {
        class: "spinner-loading"
      }, n("div", {
        class: "bounce1"
      }), n("div", {
        class: "bounce2"
      }), n("div", {
        class: "bounce3"
      })), this.content) : void 0;
    }, Object.defineProperty(WidgetSpinner, "is", {
      get: function() {
        return "widget-spinner";
      },
      enumerable: !0,
      configurable: !0
    }), Object.defineProperty(WidgetSpinner, "properties", {
      get: function() {
        return {
          color: {
            type: String,
            attr: "color"
          },
          content: {
            type: "Any",
            attr: "content"
          },
          type: {
            type: String,
            attr: "type"
          },
          visible: {
            type: Boolean,
            attr: "visible"
          }
        };
      },
      enumerable: !0,
      configurable: !0
    }), Object.defineProperty(WidgetSpinner, "style", {
      get: function() {
        return "/**style-placeholder:widget-spinner:**/";
      },
      enumerable: !0,
      configurable: !0
    }), WidgetSpinner;
  }();
  e.WidgetSpinner = i, Object.defineProperty(e, "__esModule", {
    value: !0
  });
});