App.loadBundle("/**:bundle-id:**/", [ "exports" ], function(e) {
  window;
  var t = "/", n = "./", r = new RegExp([ "(\\\\.)", "(?:\\:(\\w+)(?:\\(((?:\\\\.|[^\\\\()])+)\\))?|\\(((?:\\\\.|[^\\\\()])+)\\))([+*?])?" ].join("|"), "g");
  function escapeString(e) {
    return e.replace(/([.+*?=^!:${}()[\]|\/\\])/g, "\\$1");
  }
  function escapeGroup(e) {
    return e.replace(/([=!:$\/()])/g, "\\$1");
  }
  function flags(e) {
    return e && e.sensitive ? "" : "i";
  }
  function pathToRegexp(e, a, i) {
    return e instanceof RegExp ? function(e, t) {
      if (!t) return e;
      var n = e.source.match(/\((?!\?)/g);
      if (n) for (var r = 0; r < n.length; r++) t.push({
        name: r,
        prefix: null,
        delimiter: null,
        optional: !1,
        repeat: !1,
        partial: !1,
        pattern: null
      });
      return e;
    }(e, a) : Array.isArray(e) ? function(e, t, n) {
      for (var r = [], a = 0; a < e.length; a++) r.push(pathToRegexp(e[a], t, n).source);
      return new RegExp("(?:" + r.join("|") + ")", flags(n));
    }(e, a, i) : function(e, a, i) {
      return function(e, r, a) {
        for (var i = (a = a || {}).strict, s = !1 !== a.end, u = escapeString(a.delimiter || t), o = a.delimiters || n, c = [].concat(a.endsWith || []).map(escapeString).concat("$").join("|"), l = "", h = !1, p = 0; p < e.length; p++) {
          var f = e[p];
          if ("string" == typeof f) l += escapeString(f), h = p === e.length - 1 && o.indexOf(f[f.length - 1]) > -1; else {
            var d = escapeString(f.prefix || ""), v = f.repeat ? "(?:" + f.pattern + ")(?:" + d + "(?:" + f.pattern + "))*" : f.pattern;
            r && r.push(f), l += f.optional ? f.partial ? d + "(" + v + ")?" : "(?:" + d + "(" + v + "))?" : d + "(" + v + ")";
          }
        }
        return s ? (i || (l += "(?:" + u + ")?"), l += "$" === c ? "$" : "(?=" + c + ")") : (i || (l += "(?:" + u + "(?=" + c + "))?"), 
        h || (l += "(?=" + u + "|" + c + ")")), new RegExp("^" + l, flags(a));
      }(function(e, a) {
        for (var i, s = [], u = 0, o = 0, c = "", l = a && a.delimiter || t, h = a && a.delimiters || n, p = !1; null !== (i = r.exec(e)); ) {
          var f = i[0], d = i[1], v = i.index;
          if (c += e.slice(o, v), o = v + f.length, d) c += d[1], p = !0; else {
            var g = "", m = e[o], y = i[2], E = i[3], x = i[4], A = i[5];
            if (!p && c.length) {
              var w = c.length - 1;
              h.indexOf(c[w]) > -1 && (g = c[w], c = c.slice(0, w));
            }
            c && (s.push(c), c = "", p = !1);
            var O = g || l, b = E || x;
            s.push({
              name: y || u++,
              prefix: g,
              delimiter: O,
              optional: "?" === A || "*" === A,
              repeat: "+" === A || "*" === A,
              partial: "" !== g && void 0 !== m && m !== g,
              pattern: b ? escapeGroup(b) : "[^" + escapeString(O) + "]+?"
            });
          }
        }
        return (c || o < e.length) && s.push(c + e.substr(o)), s;
      }(e, i), a, i);
    }(e, a, i);
  }
  function hasBasename(e, t) {
    return new RegExp("^" + t + "(\\/|\\?|#|$)", "i").test(e);
  }
  function isAbsolute(e) {
    return "/" === e.charAt(0);
  }
  function spliceOne(e, t) {
    for (var n = t, r = n + 1, a = e.length; r < a; n += 1, r += 1) e[n] = e[r];
    e.pop();
  }
  function valueEqual(e, t) {
    if (e === t) return !0;
    if (null == e || null == t) return !1;
    if (Array.isArray(e)) return Array.isArray(t) && e.length === t.length && e.every(function(e, n) {
      return valueEqual(e, t[n]);
    });
    var n = typeof e;
    if (n !== typeof t) return !1;
    if ("object" === n) {
      var r = e.valueOf(), a = t.valueOf();
      if (r !== e || a !== t) return valueEqual(r, a);
      var i = Object.keys(e), s = Object.keys(t);
      return i.length === s.length && i.every(function(n) {
        return valueEqual(e[n], t[n]);
      });
    }
    return !1;
  }
  var a = {}, i = 0, s = !("undefined" == typeof window || !window.document || !window.document.createElement);
  e.matchPath = function(e, t) {
    void 0 === t && (t = {}), "string" == typeof t && (t = {
      path: t
    });
    var n = t.path, r = void 0 === n ? "/" : n, s = t.exact, u = void 0 !== s && s, o = t.strict, c = function(e, t) {
      var n = "" + t.end + t.strict, r = a[n] || (a[n] = {}), s = JSON.stringify(e);
      if (r[s]) return r[s];
      var u = [], o = {
        re: pathToRegexp(e, u, t),
        keys: u
      };
      return i < 1e4 && (r[s] = o, i += 1), o;
    }(r, {
      end: u,
      strict: void 0 !== o && o
    }), l = c.keys, h = c.re.exec(e);
    if (!h) return null;
    var p = h[0], f = h.slice(1), d = e === p;
    return u && !d ? null : {
      path: r,
      url: "/" === r && "" === p ? "/" : p,
      isExact: d,
      params: l.reduce(function(e, t, n) {
        return e[t.name] = f[n], e;
      }, {})
    };
  }, e.matchesAreEqual = function(e, t) {
    return null == e && null == t || null != t && e && t && e.path === t.path && e.url === t.url && valueEqual(e.params, t.params);
  }, e.storageAvailable = function(e) {
    var t = window[e], n = "__storage_test__";
    try {
      return t.setItem(n, n), t.removeItem(n), !0;
    } catch (e) {
      return e instanceof DOMException && (22 === e.code || 1014 === e.code || "QuotaExceededError" === e.name || "NS_ERROR_DOM_QUOTA_REACHED" === e.name) && 0 !== t.length;
    }
  }, e.canUseDOM = s, e.supportsHistory = function() {
    var e = window.navigator.userAgent;
    return (-1 === e.indexOf("Android 2.") && -1 === e.indexOf("Android 4.0") || -1 === e.indexOf("Mobile Safari") || -1 !== e.indexOf("Chrome") || -1 !== e.indexOf("Windows Phone")) && window.history && "pushState" in window.history;
  }, e.supportsPopStateOnHashChange = function() {
    return -1 === window.navigator.userAgent.indexOf("Trident");
  }, e.getConfirmation = function(e, t) {
    return t(window.confirm(e));
  }, e.stripTrailingSlash = function(e) {
    return "/" === e.charAt(e.length - 1) ? e.slice(0, -1) : e;
  }, e.addLeadingSlash = function(e) {
    return "/" === e.charAt(0) ? e : "/" + e;
  }, e.hasBasename = hasBasename, e.stripBasename = function(e, t) {
    return hasBasename(e, t) ? e.substr(t.length) : e;
  }, e.createLocation = function(e, t, n, r) {
    var a, i;
    "string" == typeof e ? void 0 !== (a = function(e) {
      var t = e || "/", n = "", r = "", a = t.indexOf("#");
      -1 !== a && (r = t.substr(a), t = t.substr(0, a));
      var i = t.indexOf("?");
      return -1 !== i && (n = t.substr(i), t = t.substr(0, i)), {
        pathname: t,
        search: "?" === n ? "" : n,
        hash: "#" === r ? "" : r,
        query: {},
        key: ""
      };
    }(e)).state && (a.state = t) : ((a = Object.assign({
      pathname: ""
    }, e)).search && "?" !== a.search.charAt(0) && (a.search = "?" + a.search), a.hash && "#" !== a.hash.charAt(0) && (a.hash = "#" + a.hash), 
    void 0 !== t && void 0 === a.state && (a.state = t));
    try {
      a.pathname = decodeURI(a.pathname);
    } catch (e) {
      throw e instanceof URIError ? new URIError('Pathname "' + a.pathname + '" could not be decoded. This is likely caused by an invalid percent-encoding.') : e;
    }
    return a.key = n, r ? a.pathname ? "/" !== a.pathname.charAt(0) && (a.pathname = function(e, t) {
      void 0 === t && (t = "");
      var n, r = e && e.split("/") || [], a = t && t.split("/") || [], i = e && isAbsolute(e), s = t && isAbsolute(t), u = i || s;
      if (e && isAbsolute(e) ? a = r : r.length && (a.pop(), a = a.concat(r)), !a.length) return "/";
      if (a.length) {
        var o = a[a.length - 1];
        n = "." === o || ".." === o || "" === o;
      } else n = !1;
      for (var c = 0, l = a.length; l >= 0; l--) {
        var h = a[l];
        "." === h ? spliceOne(a, l) : ".." === h ? (spliceOne(a, l), c++) : c && (spliceOne(a, l), 
        c--);
      }
      if (!u) for (;c--; c) a.unshift("..");
      !u || "" === a[0] || a[0] && isAbsolute(a[0]) || a.unshift("");
      var p = a.join("/");
      return n && "/" !== p.substr(-1) && (p += "/"), p;
    }(a.pathname, r.pathname)) : a.pathname = r.pathname : a.pathname || (a.pathname = "/"), 
    a.query = (i = a.search || "") ? (/^[?#]/.test(i) ? i.slice(1) : i).split("&").reduce(function(e, t) {
      var n = t.split("="), r = n[1];
      return e[n[0]] = r ? decodeURIComponent(r.replace(/\+/g, " ")) : "", e;
    }, {}) : {}, a;
  }, e.createKey = function(e) {
    return Math.random().toString(36).substr(2, e);
  }, e.createPath = function(e) {
    var t = e.search, n = e.hash, r = e.pathname || "/";
    return t && "?" !== t && (r += "?" === t.charAt(0) ? t : "?" + t), n && "#" !== n && (r += "#" === n.charAt(0) ? n : "#" + n), 
    r;
  }, e.addEventListener = function(e, t, n) {
    return e.addEventListener ? e.addEventListener(t, n, !1) : e.attachEvent("on" + t, n);
  }, e.removeEventListener = function(e, t, n) {
    return e.removeEventListener ? e.removeEventListener(t, n, !1) : e.detachEvent("on" + t, n);
  }, e.isExtraneousPopstateEvent = function(e) {
    return void 0 === e.state && -1 === navigator.userAgent.indexOf("CriOS");
  }, e.supportsGoWithoutReloadUsingHash = function() {
    return -1 === window.navigator.userAgent.indexOf("Firefox");
  }, e.stripLeadingSlash = function(e) {
    return "/" === e.charAt(0) ? e.substr(1) : e;
  }, e.locationsAreEqual = function(e, t) {
    return e.pathname === t.pathname && e.search === t.search && e.hash === t.hash && e.key === t.key && valueEqual(e.state, t.state);
  }, e.isModifiedEvent = function(e) {
    return e.metaKey || e.altKey || e.ctrlKey || e.shiftKey;
  };
});