App.loadBundle("/**:bundle-id:**/", [ "exports" ], function(e) {
  var t = window.App.h, i = /** @class */ function() {
    function WidgetTooltip() {
      this.message = "";
    }
    return WidgetTooltip.prototype.render = function() {
      return t("div", {
        class: "widget-tooltip"
      }, t("slot", null), this.message ? t("div", {
        class: "widget-tooltip-message"
      }, this.message) : void 0);
    }, Object.defineProperty(WidgetTooltip, "is", {
      get: function() {
        return "widget-tooltip";
      },
      enumerable: !0,
      configurable: !0
    }), Object.defineProperty(WidgetTooltip, "encapsulation", {
      get: function() {
        return "shadow";
      },
      enumerable: !0,
      configurable: !0
    }), Object.defineProperty(WidgetTooltip, "properties", {
      get: function() {
        return {
          message: {
            type: String,
            attr: "message"
          }
        };
      },
      enumerable: !0,
      configurable: !0
    }), Object.defineProperty(WidgetTooltip, "style", {
      get: function() {
        return "/**style-placeholder:widget-tooltip:**/";
      },
      enumerable: !0,
      configurable: !0
    }), WidgetTooltip;
  }();
  e.WidgetTooltip = i, Object.defineProperty(e, "__esModule", {
    value: !0
  });
});