App.loadBundle("/**:bundle-id:**/", [ "exports" ], function(e) {
  var t = window.App.h, n = /** @class */ function() {
    function HeaderContent() {
      this.closeDrawer = {}, this.opened = !1, this.connected = !1;
    }
    return HeaderContent.prototype.menuClicked = function(e) {
      e.preventDefault(), this.closeDrawer.emit();
    }, HeaderContent.prototype.updateConnectionWidget = function(e) {
      this.connected = e.detail.authenticated;
    }, HeaderContent.prototype.render = function() {
      var e = this;
      return t("nav", {
        class: "header-content"
      }, t("div", {
        class: "left"
      }, t("div", {
        class: "top-line"
      }, t("widget-logo", null), t("a", {
        class: "hide-on-desktop",
        onClick: function(t) {
          return e.menuClicked(t);
        }
      }, t("img", {
        src: "/assets/icon/menu-btn.svg",
        alt: "Menu"
      }))), t("div", {
        class: "connection"
      }, t("widget-connection", null)), t("widget-dev-flags", null)), t("header-account", {
        onAuthenticationChanged: function(t) {
          return e.updateConnectionWidget(t);
        }
      }));
    }, Object.defineProperty(HeaderContent, "is", {
      get: function() {
        return "header-content";
      },
      enumerable: !0,
      configurable: !0
    }), Object.defineProperty(HeaderContent, "encapsulation", {
      get: function() {
        return "shadow";
      },
      enumerable: !0,
      configurable: !0
    }), Object.defineProperty(HeaderContent, "properties", {
      get: function() {
        return {
          connected: {
            state: !0
          },
          opened: {
            type: Boolean,
            attr: "opened"
          }
        };
      },
      enumerable: !0,
      configurable: !0
    }), Object.defineProperty(HeaderContent, "events", {
      get: function() {
        return [ {
          name: "closeDrawer",
          method: "closeDrawer",
          bubbles: !0,
          cancelable: !0,
          composed: !0
        } ];
      },
      enumerable: !0,
      configurable: !0
    }), Object.defineProperty(HeaderContent, "style", {
      get: function() {
        return "/**style-placeholder:header-content:**/";
      },
      enumerable: !0,
      configurable: !0
    }), HeaderContent;
  }(), o = /** @class */ function() {
    function WidgetDevFlags() {
      this.showingModal = !1;
    }
    return Object.defineProperty(WidgetDevFlags.prototype, "matchmakeWith", {
      get: function() {
        return localStorage.getItem("playground:matchmakeWith");
      },
      enumerable: !0,
      configurable: !0
    }), Object.defineProperty(WidgetDevFlags.prototype, "hasAnyFlags", {
      get: function() {
        return this.matchmakeWith;
      },
      enumerable: !0,
      configurable: !0
    }), WidgetDevFlags.prototype.showModal = function() {
      this.showingModal = !0;
    }, WidgetDevFlags.prototype.hideModal = function() {
      this.showingModal = !1;
    }, WidgetDevFlags.prototype.unset = function(e, t) {
      t.preventDefault(), localStorage.removeItem(e), t.target.outerHTML = "Cleared!";
    }, WidgetDevFlags.prototype.buildFlagRow = function(e, n) {
      var o = this;
      return t("tr", null, t("td", null, e), t("td", null, this[n]), t("td", null, t("a", {
        href: "#",
        onClick: function(t) {
          return o.unset(e, t);
        }
      }, "Unset")));
    }, Object.defineProperty(WidgetDevFlags.prototype, "dialog", {
      get: function() {
        var e = [];
        this.matchmakeWith && e.push(this.buildFlagRow("playground:matchmakeWith", "matchmakeWith"));
        var n = t("table", {
          cellSpacing: 0,
          cellPadding: 0
        }, t("tr", null, t("th", null, "Flag"), t("th", null, "Value"), t("th", null)), e);
        return t("widget-dialog", {
          dialogTitle: "Using dev flags",
          content: n,
          dialogClass: "dialog--dev-flags",
          contentClass: "dialog-content--dev-flags",
          visible: this.showingModal,
          primaryButtonText: "Close",
          onPrimaryButtonClicked: this.hideModal.bind(this)
        });
      },
      enumerable: !0,
      configurable: !0
    }), WidgetDevFlags.prototype.render = function() {
      return this.hasAnyFlags ? [ t("widget-tooltip", {
        onClick: this.showModal.bind(this),
        message: "Click here for full details"
      }, "⚠️ Using dev flags"), this.dialog ] : t("div", null);
    }, Object.defineProperty(WidgetDevFlags, "is", {
      get: function() {
        return "widget-dev-flags";
      },
      enumerable: !0,
      configurable: !0
    }), Object.defineProperty(WidgetDevFlags, "encapsulation", {
      get: function() {
        return "shadow";
      },
      enumerable: !0,
      configurable: !0
    }), Object.defineProperty(WidgetDevFlags, "properties", {
      get: function() {
        return {
          showingModal: {
            state: !0
          }
        };
      },
      enumerable: !0,
      configurable: !0
    }), Object.defineProperty(WidgetDevFlags, "style", {
      get: function() {
        return "/**style-placeholder:widget-dev-flags:**/";
      },
      enumerable: !0,
      configurable: !0
    }), WidgetDevFlags;
  }();
  e.HeaderContent = n, e.WidgetDevFlags = o, Object.defineProperty(e, "__esModule", {
    value: !0
  });
});