App.loadBundle("/**:bundle-id:**/", [ "exports" ], function(e) {
  window;
  var t = /** @class */ function() {
    function ContextConsumer() {
      this.context = {}, this.renderer = function() {
        return null;
      };
    }
    return ContextConsumer.prototype.componentWillLoad = function() {
      var e = this;
      this.unsubscribe = function() {
        null != e.subscribe && e.subscribe(e.el, "context");
      };
    }, ContextConsumer.prototype.componentDidUnload = function() {
      null != this.unsubscribe && this.unsubscribe();
    }, ContextConsumer.prototype.render = function() {
      return this.renderer(Object.assign({}, this.context));
    }, Object.defineProperty(ContextConsumer, "is", {
      get: function() {
        return "context-consumer";
      },
      enumerable: !0,
      configurable: !0
    }), Object.defineProperty(ContextConsumer, "properties", {
      get: function() {
        return {
          context: {
            type: "Any",
            attr: "context"
          },
          el: {
            elementRef: !0
          },
          renderer: {
            type: "Any",
            attr: "renderer"
          },
          subscribe: {
            type: "Any",
            attr: "subscribe"
          },
          unsubscribe: {
            state: !0
          }
        };
      },
      enumerable: !0,
      configurable: !0
    }), ContextConsumer;
  }();
  e.ContextConsumer = t, Object.defineProperty(e, "__esModule", {
    value: !0
  });
});