

class e {
  constructor() {
    this.context = {}, this.renderer = (() => null);
  }
  componentWillLoad() {
    this.unsubscribe = (() => {
      null != this.subscribe && this.subscribe(this.el, "context");
    });
  }
  componentDidUnload() {
    null != this.unsubscribe && this.unsubscribe();
  }
  render() {
    return this.renderer(Object.assign({}, this.context));
  }
  static get is() {
    return "context-consumer";
  }
  static get properties() {
    return {
      context: {
        type: "Any",
        attr: "context"
      },
      el: {
        elementRef: !0
      },
      renderer: {
        type: "Any",
        attr: "renderer"
      },
      subscribe: {
        type: "Any",
        attr: "subscribe"
      },
      unsubscribe: {
        state: !0
      }
    };
  }
}

export { e as ContextConsumer };