App.loadBundle('/**:bundle-id:**/', ['exports', './chunk-346f9d40.js', './chunk-faed910a.js', './chunk-00addb69.js'], function (exports, __chunk_1, __chunk_2, __chunk_3) {
    var h = window.App.h;
    var AppsList = /** @class */ (function () {
        function AppsList() {
            this.el = {};
            this.appClicked = {};
            this.apps = [];
            this.name = "";
            this.user = {};
        }
        AppsList.prototype.appClickedHandler = function (event) {
            this.appClicked.emit(event.detail);
        };
        AppsList.prototype.render = function () {
            var _this = this;
            return (h("div", { class: "apps" }, h("h2", { class: "title" }, this.name), h("ul", { class: "list" }, this.apps.map(function (app) { return (h("apps-list-item", { onAppClicked: function (e) { return _this.appClickedHandler(e); }, icon: app.icon, name: app.name, notifications: app.notifications, url: app.url })); }))));
        };
        Object.defineProperty(AppsList, "is", {
            get: function () { return "apps-list"; },
            enumerable: true,
            configurable: true
        });
        Object.defineProperty(AppsList, "encapsulation", {
            get: function () { return "shadow"; },
            enumerable: true,
            configurable: true
        });
        Object.defineProperty(AppsList, "properties", {
            get: function () {
                return {
                    "apps": {
                        "type": "Any",
                        "attr": "apps"
                    },
                    "el": {
                        "elementRef": true
                    },
                    "name": {
                        "type": String,
                        "attr": "name"
                    },
                    "user": {
                        "type": "Any",
                        "attr": "user"
                    }
                };
            },
            enumerable: true,
            configurable: true
        });
        Object.defineProperty(AppsList, "events", {
            get: function () {
                return [{
                        "name": "appClicked",
                        "method": "appClicked",
                        "bubbles": true,
                        "cancelable": true,
                        "composed": true
                    }];
            },
            enumerable: true,
            configurable: true
        });
        Object.defineProperty(AppsList, "style", {
            get: function () { return "/**style-placeholder:apps-list:**/"; },
            enumerable: true,
            configurable: true
        });
        return AppsList;
    }());
    __chunk_2.AccountTunnel.injectProps(AppsList, ["user"]);
    var AppsListItem = /** @class */ (function () {
        function AppsListItem() {
            this.el = {};
            this.appClicked = {};
            this.icon = "";
            this.name = "";
            this.notifications = null;
            this.url = "";
            this.canUseApps = false;
        }
        AppsListItem.prototype.getAppSlug = function () {
            return this.name.toLowerCase().replace(/ /g, "-");
        };
        AppsListItem.prototype.appClickedHandler = function (event) {
            event.preventDefault();
            this.appClicked.emit(event);
        };
        AppsListItem.prototype.openApp = function (event) {
            event.preventDefault();
            if (!this.canUseApps) {
                return;
            }
            this.appClicked.emit({
                name: this.name,
                dappContainerUrl: "/dapp/" + this.getAppSlug(),
                dappUrl: this.url
            });
        };
        AppsListItem.prototype.render = function () {
            var _this = this;
            return (h("li", { class: "item" }, h("a", { href: this.canUseApps ? "/dapp/" + this.getAppSlug() : "#", onClick: function (e) { return _this.openApp(e); } }, h("div", { class: "icon" }, this.notifications ? (h("div", { class: "notification" }, this.notifications)) : null, h("img", { src: this.url + "/" + this.icon, alt: this.name })), h("span", { class: "name" }, this.name))));
        };
        Object.defineProperty(AppsListItem, "is", {
            get: function () { return "apps-list-item"; },
            enumerable: true,
            configurable: true
        });
        Object.defineProperty(AppsListItem, "encapsulation", {
            get: function () { return "shadow"; },
            enumerable: true,
            configurable: true
        });
        Object.defineProperty(AppsListItem, "properties", {
            get: function () {
                return {
                    "canUseApps": {
                        "type": Boolean,
                        "attr": "can-use-apps"
                    },
                    "el": {
                        "elementRef": true
                    },
                    "icon": {
                        "type": String,
                        "attr": "icon"
                    },
                    "name": {
                        "type": String,
                        "attr": "name"
                    },
                    "notifications": {
                        "type": Number,
                        "attr": "notifications"
                    },
                    "url": {
                        "type": String,
                        "attr": "url"
                    }
                };
            },
            enumerable: true,
            configurable: true
        });
        Object.defineProperty(AppsListItem, "events", {
            get: function () {
                return [{
                        "name": "appClicked",
                        "method": "appClicked",
                        "bubbles": true,
                        "cancelable": true,
                        "composed": true
                    }];
            },
            enumerable: true,
            configurable: true
        });
        Object.defineProperty(AppsListItem, "style", {
            get: function () { return "/**style-placeholder:apps-list-item:**/"; },
            enumerable: true,
            configurable: true
        });
        return AppsListItem;
    }());
    __chunk_3.AppRegistryTunnel.injectProps(AppsListItem, ["canUseApps"]);
    exports.AppsList = AppsList;
    exports.AppsListItem = AppsListItem;
    Object.defineProperty(exports, '__esModule', { value: true });
});
