App.loadBundle('/**:bundle-id:**/', ['exports'], function (exports) {
    var h = window.App.h;
    var ContextConsumer = /** @class */ (function () {
        function ContextConsumer() {
            this.context = {};
            this.renderer = function () { return null; };
        }
        ContextConsumer.prototype.componentWillLoad = function () {
            var _this = this;
            this.unsubscribe = function () {
                if (_this.subscribe != null) {
                    _this.subscribe(_this.el, "context");
                }
            };
        };
        ContextConsumer.prototype.componentDidUnload = function () {
            if (this.unsubscribe != null) {
                this.unsubscribe();
            }
        };
        ContextConsumer.prototype.render = function () {
            return this.renderer(Object.assign({}, this.context));
        };
        Object.defineProperty(ContextConsumer, "is", {
            get: function () { return "context-consumer"; },
            enumerable: true,
            configurable: true
        });
        Object.defineProperty(ContextConsumer, "properties", {
            get: function () {
                return {
                    "context": {
                        "type": "Any",
                        "attr": "context"
                    },
                    "el": {
                        "elementRef": true
                    },
                    "renderer": {
                        "type": "Any",
                        "attr": "renderer"
                    },
                    "subscribe": {
                        "type": "Any",
                        "attr": "subscribe"
                    },
                    "unsubscribe": {
                        "state": true
                    }
                };
            },
            enumerable: true,
            configurable: true
        });
        return ContextConsumer;
    }());
    exports.ContextConsumer = ContextConsumer;
    Object.defineProperty(exports, '__esModule', { value: true });
});
