var __awaiter = (this && this.__awaiter) || function (thisArg, _arguments, P, generator) {
    return new (P || (P = Promise))(function (resolve, reject) {
        function fulfilled(value) { try { step(generator.next(value)); } catch (e) { reject(e); } }
        function rejected(value) { try { step(generator["throw"](value)); } catch (e) { reject(e); } }
        function step(result) { result.done ? resolve(result.value) : new P(function (resolve) { resolve(result.value); }).then(fulfilled, rejected); }
        step((generator = generator.apply(thisArg, _arguments || [])).next());
    });
};
var __generator = (this && this.__generator) || function (thisArg, body) {
    var _ = { label: 0, sent: function() { if (t[0] & 1) throw t[1]; return t[1]; }, trys: [], ops: [] }, f, y, t, g;
    return g = { next: verb(0), "throw": verb(1), "return": verb(2) }, typeof Symbol === "function" && (g[Symbol.iterator] = function() { return this; }), g;
    function verb(n) { return function (v) { return step([n, v]); }; }
    function step(op) {
        if (f) throw new TypeError("Generator is already executing.");
        while (_) try {
            if (f = 1, y && (t = op[0] & 2 ? y["return"] : op[0] ? y["throw"] || ((t = y["return"]) && t.call(y), 0) : y.next) && !(t = t.call(y, op[1])).done) return t;
            if (y = 0, t) op = [op[0] & 2, t.value];
            switch (op[0]) {
                case 0: case 1: t = op; break;
                case 4: _.label++; return { value: op[1], done: false };
                case 5: _.label++; y = op[1]; op = [0]; continue;
                case 7: op = _.ops.pop(); _.trys.pop(); continue;
                default:
                    if (!(t = _.trys, t = t.length > 0 && t[t.length - 1]) && (op[0] === 6 || op[0] === 2)) { _ = 0; continue; }
                    if (op[0] === 3 && (!t || (op[1] > t[0] && op[1] < t[3]))) { _.label = op[1]; break; }
                    if (op[0] === 6 && _.label < t[1]) { _.label = t[1]; t = op; break; }
                    if (t && _.label < t[2]) { _.label = t[2]; _.ops.push(op); break; }
                    if (t[2]) _.ops.pop();
                    _.trys.pop(); continue;
            }
            op = body.call(thisArg, _);
        } catch (e) { op = [6, e]; y = 0; } finally { f = t = 0; }
        if (op[0] & 5) throw op[1]; return { value: op[0] ? op[1] : void 0, done: true };
    }
};
App.loadBundle('/**:bundle-id:**/', ['exports'], function (exports) {
    var h = window.App.h;
    var AppGameCoin = /** @class */ (function () {
        function AppGameCoin() {
            this.coins = [];
            this.delay = 0;
            this.speed = 0;
            this.x = 0;
            this.index = 0;
            this.animating = true;
            this.set = Math.floor(Math.random() * 3);
            this.index = Math.floor(Math.random() * 3);
        }
        AppGameCoin.prototype.componentWillLoad = function () {
            this.switchImage();
        };
        AppGameCoin.prototype.componentDidUnload = function () {
            this.animating = false;
        };
        AppGameCoin.prototype.switchImage = function () {
            return __awaiter(this, void 0, void 0, function () {
                return __generator(this, function (_a) {
                    switch (_a.label) {
                        case 0: return [4 /*yield*/, new Promise(function (resolve) { return setTimeout(resolve, 100 + Math.floor(Math.random() * 150)); })];
                        case 1:
                            _a.sent();
                            this.index += 1;
                            if (this.index >= Object.keys(this.coins[this.set]).length)
                                this.index = 0;
                            if (this.animating)
                                this.switchImage();
                            return [2 /*return*/];
                    }
                });
            });
        };
        AppGameCoin.prototype.render = function () {
            return (h("img", { class: "coin", src: this.coins[this.set][this.index], style: {
                    left: this.x + "%",
                    animationDelay: this.delay + "s",
                    animationDuration: this.speed + "s"
                } }));
        };
        Object.defineProperty(AppGameCoin, "is", {
            get: function () { return "app-game-coin"; },
            enumerable: true,
            configurable: true
        });
        Object.defineProperty(AppGameCoin, "encapsulation", {
            get: function () { return "shadow"; },
            enumerable: true,
            configurable: true
        });
        Object.defineProperty(AppGameCoin, "properties", {
            get: function () {
                return {
                    "coins": {
                        "type": "Any",
                        "attr": "coins"
                    },
                    "delay": {
                        "type": Number,
                        "attr": "delay"
                    },
                    "index": {
                        "state": true
                    },
                    "speed": {
                        "type": Number,
                        "attr": "speed"
                    },
                    "x": {
                        "type": Number,
                        "attr": "x"
                    }
                };
            },
            enumerable: true,
            configurable: true
        });
        Object.defineProperty(AppGameCoin, "style", {
            get: function () { return "/**style-placeholder:app-game-coin:**/"; },
            enumerable: true,
            configurable: true
        });
        return AppGameCoin;
    }());
    var AppGameCoins = /** @class */ (function () {
        function AppGameCoins() {
            this.preloadCoins();
        }
        AppGameCoins.prototype.preloadCoins = function () {
            return __awaiter(this, void 0, void 0, function () {
                var _a;
                return __generator(this, function (_b) {
                    switch (_b.label) {
                        case 0:
                            _a = this;
                            return [4 /*yield*/, Promise.all([
                                    ["02", "11", "12", "06"],
                                    ["10", "07", "04", "07"],
                                    ["03", "09", "08", "02"]
                                ].map(function (set) {
                                    return Promise.all(set.map(function (number) {
                                        return new Promise(function (resolve) {
                                            var img = new Image();
                                            var c = document.createElement("canvas");
                                            var ctx = c.getContext("2d") || new CanvasRenderingContext2D();
                                            img.onload = function () {
                                                c.width = img.naturalWidth;
                                                c.height = img.naturalHeight;
                                                ctx.drawImage(img, 0, 0);
                                                resolve(c.toDataURL("image/png"));
                                            };
                                            img.src = "./assets/images/coins/" + number + ".png";
                                        });
                                    }));
                                }))];
                        case 1:
                            _a.coins = _b.sent();
                            return [2 /*return*/];
                    }
                });
            });
        };
        AppGameCoins.prototype.render = function () {
            var _this = this;
            var length = Math.min(50, Math.max(20, (screen.width * screen.height) / 10000));
            return this.coins ? (h("div", { class: "coins" }, Array.from({ length: length }).map(function () { return (h("div", { class: "coins__coin" }, h("app-game-coin", { coins: _this.coins, delay: Math.random() * 3, speed: 1.5 + Math.random() * 1, x: -20 + Math.random() * 120 }))); }))) : (undefined);
        };
        Object.defineProperty(AppGameCoins, "is", {
            get: function () { return "app-game-coins"; },
            enumerable: true,
            configurable: true
        });
        Object.defineProperty(AppGameCoins, "encapsulation", {
            get: function () { return "shadow"; },
            enumerable: true,
            configurable: true
        });
        Object.defineProperty(AppGameCoins, "properties", {
            get: function () {
                return {
                    "coins": {
                        "state": true
                    }
                };
            },
            enumerable: true,
            configurable: true
        });
        Object.defineProperty(AppGameCoins, "style", {
            get: function () { return "/**style-placeholder:app-game-coins:**/"; },
            enumerable: true,
            configurable: true
        });
        return AppGameCoins;
    }());
    exports.AppGameCoin = AppGameCoin;
    exports.AppGameCoins = AppGameCoins;
    Object.defineProperty(exports, '__esModule', { value: true });
});
