import { h } from '../app.core.js';
import { a as getProp } from './chunk-960e9c51.js';
var AppAcceptInvite = /** @class */ (function () {
    function AppAcceptInvite() {
        this.history = {};
        this.myName = "";
        this.betAmount = "";
        this.opponentName = "";
    }
    AppAcceptInvite.prototype.componentWillLoad = function () {
        var myName = getProp("myName", this);
        var betAmount = getProp("betAmount", this);
        var opponentName = getProp("opponentName", this);
        this.history.push({
            pathname: "/waiting",
            state: {
                betAmount: betAmount,
                myName: myName,
                opponentName: opponentName
            },
            query: {},
            key: ""
        });
    };
    AppAcceptInvite.prototype.render = function () {
        return h("div", null);
    };
    Object.defineProperty(AppAcceptInvite, "is", {
        get: function () { return "app-accept-invite"; },
        enumerable: true,
        configurable: true
    });
    Object.defineProperty(AppAcceptInvite, "encapsulation", {
        get: function () { return "shadow"; },
        enumerable: true,
        configurable: true
    });
    Object.defineProperty(AppAcceptInvite, "properties", {
        get: function () {
            return {
                "betAmount": {
                    "type": String,
                    "attr": "bet-amount"
                },
                "history": {
                    "type": "Any",
                    "attr": "history"
                },
                "myName": {
                    "type": String,
                    "attr": "my-name"
                },
                "opponentName": {
                    "type": String,
                    "attr": "opponent-name"
                }
            };
        },
        enumerable: true,
        configurable: true
    });
    Object.defineProperty(AppAcceptInvite, "style", {
        get: function () { return "/**style-placeholder:app-accept-invite:**/"; },
        enumerable: true,
        configurable: true
    });
    return AppAcceptInvite;
}());
export { AppAcceptInvite };
