App.loadBundle('/**:bundle-id:**/', ['exports', './chunk-7a957887.js'], function (exports, __chunk_1) {
    var h = window.App.h;
    var AppAcceptInvite = /** @class */ (function () {
        function AppAcceptInvite() {
            this.history = {};
            this.myName = "";
            this.betAmount = "";
            this.opponentName = "";
        }
        AppAcceptInvite.prototype.componentWillLoad = function () {
            var myName = __chunk_1.getProp("myName", this);
            var betAmount = __chunk_1.getProp("betAmount", this);
            var opponentName = __chunk_1.getProp("opponentName", this);
            this.history.push({
                pathname: "/waiting",
                state: {
                    betAmount: betAmount,
                    myName: myName,
                    opponentName: opponentName
                },
                query: {},
                key: ""
            });
        };
        AppAcceptInvite.prototype.render = function () {
            return h("div", null);
        };
        Object.defineProperty(AppAcceptInvite, "is", {
            get: function () { return "app-accept-invite"; },
            enumerable: true,
            configurable: true
        });
        Object.defineProperty(AppAcceptInvite, "encapsulation", {
            get: function () { return "shadow"; },
            enumerable: true,
            configurable: true
        });
        Object.defineProperty(AppAcceptInvite, "properties", {
            get: function () {
                return {
                    "betAmount": {
                        "type": String,
                        "attr": "bet-amount"
                    },
                    "history": {
                        "type": "Any",
                        "attr": "history"
                    },
                    "myName": {
                        "type": String,
                        "attr": "my-name"
                    },
                    "opponentName": {
                        "type": String,
                        "attr": "opponent-name"
                    }
                };
            },
            enumerable: true,
            configurable: true
        });
        Object.defineProperty(AppAcceptInvite, "style", {
            get: function () { return "/**style-placeholder:app-accept-invite:**/"; },
            enumerable: true,
            configurable: true
        });
        return AppAcceptInvite;
    }());
    exports.AppAcceptInvite = AppAcceptInvite;
    Object.defineProperty(exports, '__esModule', { value: true });
});
