import * as tslib_1 from "tslib";
import { h } from '../app.core.js';
import './chunk-deed3e85.js';
import { a as matchPath, v as isModifiedEvent, c as ActiveRouter } from './chunk-4f14aa24.js';
var AppLogo = /** @class */ (function () {
    function AppLogo() {
        this.el = {};
        this.provideRouterHistory = function () { };
        this.history = {};
    }
    AppLogo.prototype.componentWillLoad = function () {
        return tslib_1.__awaiter(this, void 0, void 0, function () {
            return tslib_1.__generator(this, function (_a) {
                this.provideRouterHistory(this.history);
                window.parent.postMessage("playground:request:appInstance", "*");
                return [2 /*return*/];
            });
        });
    };
    AppLogo.prototype.render = function () {
        return (h("div", null, h("stencil-route-link", { url: "/wager" }, h("div", { class: "wrapper wrapper--welcome clickable" }, h("h1", { class: "welcome__logo" }, h("img", { src: "/assets/images/logo.svg", alt: "High Roller" }))), h("app-game-coins", null))));
    };
    Object.defineProperty(AppLogo, "is", {
        get: function () { return "app-logo"; },
        enumerable: true,
        configurable: true
    });
    Object.defineProperty(AppLogo, "encapsulation", {
        get: function () { return "shadow"; },
        enumerable: true,
        configurable: true
    });
    Object.defineProperty(AppLogo, "properties", {
        get: function () {
            return {
                "el": {
                    "elementRef": true
                },
                "history": {
                    "type": "Any",
                    "attr": "history"
                },
                "provideRouterHistory": {
                    "type": "Any",
                    "attr": "provide-router-history"
                }
            };
        },
        enumerable: true,
        configurable: true
    });
    Object.defineProperty(AppLogo, "style", {
        get: function () { return "/**style-placeholder:app-logo:**/"; },
        enumerable: true,
        configurable: true
    });
    return AppLogo;
}());
function getUrl(url, root) {
    if (url.charAt(0) == "/" && root.charAt(root.length - 1) == "/") {
        return root.slice(0, root.length - 1) + url;
    }
    return root + url;
}
var RouteLink = /** @class */ (function () {
    function RouteLink() {
        this.unsubscribe = function () { return; };
        this.activeClass = "link-active";
        this.exact = false;
        this.strict = true;
        this.custom = "a";
        this.match = null;
    }
    RouteLink.prototype.componentWillLoad = function () {
        this.computeMatch();
    };
    RouteLink.prototype.computeMatch = function () {
        if (this.location) {
            this.match = matchPath(this.location.pathname, {
                path: this.urlMatch || this.url,
                exact: this.exact,
                strict: this.strict
            });
        }
    };
    RouteLink.prototype.handleClick = function (e) {
        if (isModifiedEvent(e) || !this.history || !this.url || !this.root) {
            return;
        }
        e.preventDefault();
        return this.history.push(getUrl(this.url, this.root));
    };
    RouteLink.prototype.render = function () {
        var _a;
        var anchorAttributes = {
            class: (_a = {},
                _a[this.activeClass] = this.match !== null,
                _a),
            onClick: this.handleClick.bind(this)
        };
        if (this.anchorClass) {
            anchorAttributes.class[this.anchorClass] = true;
        }
        if (this.custom === "a") {
            anchorAttributes = Object.assign({}, anchorAttributes, { href: this.url, title: this.anchorTitle, role: this.anchorRole, tabindex: this.anchorTabIndex, "aria-haspopup": this.ariaHaspopup, id: this.anchorId, "aria-posinset": this.ariaPosinset, "aria-setsize": this.ariaSetsize, "aria-label": this.ariaLabel });
        }
        return (h(this.custom, Object.assign({}, anchorAttributes), h("slot", null)));
    };
    Object.defineProperty(RouteLink, "is", {
        get: function () { return "stencil-route-link"; },
        enumerable: true,
        configurable: true
    });
    Object.defineProperty(RouteLink, "properties", {
        get: function () {
            return {
                "activeClass": {
                    "type": String,
                    "attr": "active-class"
                },
                "anchorClass": {
                    "type": String,
                    "attr": "anchor-class"
                },
                "anchorId": {
                    "type": String,
                    "attr": "anchor-id"
                },
                "anchorRole": {
                    "type": String,
                    "attr": "anchor-role"
                },
                "anchorTabIndex": {
                    "type": String,
                    "attr": "anchor-tab-index"
                },
                "anchorTitle": {
                    "type": String,
                    "attr": "anchor-title"
                },
                "ariaHaspopup": {
                    "type": String,
                    "attr": "aria-haspopup"
                },
                "ariaLabel": {
                    "type": String,
                    "attr": "aria-label"
                },
                "ariaPosinset": {
                    "type": String,
                    "attr": "aria-posinset"
                },
                "ariaSetsize": {
                    "type": Number,
                    "attr": "aria-setsize"
                },
                "custom": {
                    "type": String,
                    "attr": "custom"
                },
                "el": {
                    "elementRef": true
                },
                "exact": {
                    "type": Boolean,
                    "attr": "exact"
                },
                "history": {
                    "type": "Any",
                    "attr": "history"
                },
                "location": {
                    "type": "Any",
                    "attr": "location",
                    "watchCallbacks": ["computeMatch"]
                },
                "match": {
                    "state": true
                },
                "root": {
                    "type": String,
                    "attr": "root"
                },
                "strict": {
                    "type": Boolean,
                    "attr": "strict"
                },
                "url": {
                    "type": String,
                    "attr": "url"
                },
                "urlMatch": {
                    "type": String,
                    "attr": "url-match"
                }
            };
        },
        enumerable: true,
        configurable: true
    });
    return RouteLink;
}());
ActiveRouter.injectProps(RouteLink, [
    "history",
    "location",
    "root"
]);
export { AppLogo, RouteLink as StencilRouteLink };
